<?xml version="1.0" encoding="UTF-8"?>
<testng-results ignored="0" total="1" passed="1" failed="0" skipped="0">
  <reporter-output>
  </reporter-output>
  <suite started-at="2022-11-04T10:33:15 IST" name="Default suite" finished-at="2022-11-04T10:33:15 IST" duration-ms="65">
    <groups>
    </groups>
    <test started-at="2022-11-04T10:33:15 IST" name="Default test" finished-at="2022-11-04T10:33:15 IST" duration-ms="65">
      <class name="javaprograming.ArrayTest">
        <test-method signature="array()[pri:0, instance:javaprograming.ArrayTest@272ed83b]" started-at="2022-11-04T10:33:15 IST" name="array" finished-at="2022-11-04T10:33:15 IST" duration-ms="13" status="PASS">
          <reporter-output>
          </reporter-output>
        </test-method> <!-- array -->
      </class> <!-- javaprograming.ArrayTest -->
    </test> <!-- Default test -->
  </suite> <!-- Default suite -->
</testng-results>
