<?xml version="1.0" encoding="UTF-8"?>
<testng-results skipped="0" failed="0" ignored="0" total="1" passed="1">
  <reporter-output>
  </reporter-output>
  <suite name="Default suite" duration-ms="63" started-at="2022-12-08T17:31:53 IST" finished-at="2022-12-08T17:31:53 IST">
    <groups>
    </groups>
    <test name="Default test" duration-ms="63" started-at="2022-12-08T17:31:53 IST" finished-at="2022-12-08T17:31:53 IST">
      <class name="patternprograms.Paternnumseq">
        <test-method status="PASS" signature="seq()[pri:0, instance:patternprograms.Paternnumseq@631330c]" name="seq" duration-ms="11" started-at="2022-12-08T17:31:53 IST" finished-at="2022-12-08T17:31:53 IST">
          <reporter-output>
          </reporter-output>
        </test-method> <!-- seq -->
      </class> <!-- patternprograms.Paternnumseq -->
    </test> <!-- Default test -->
  </suite> <!-- Default suite -->
</testng-results>
